<?xml version="1.0" encoding="UTF-8"?>
<!-- Generated by org.testng.reporters.JUnitXMLReporter -->
<testsuite hostname="sandra-LIFEBOOK-AH544" name="classes" tests="2" failures="0" timestamp="27 Sep 2015 08:24:17 GMT" time="0.006" errors="0">
  <testcase name="@BeforeSuite setUp" time="0.0" classname="com.example.tests.SeleniumtestNG">
    <failure type="java.lang.RuntimeException" message="Could not contact Selenium Server; have you started it on &amp;apos;localhost:4444&amp;apos; ?
Read more at http://seleniumhq.org/projects/remote-control/not-started.html
Connection refused">
      <![CDATA[java.lang.RuntimeException: Could not contact Selenium Server; have you started it on 'localhost:4444' ?
Read more at http://seleniumhq.org/projects/remote-control/not-started.html
Connection refused
	at com.thoughtworks.selenium.DefaultSelenium.start(DefaultSelenium.java:107)
	at com.example.tests.SeleniumBase.setUp(SeleniumBase.java:23)
... Removed 18 stack frames]]>
    </failure>
  </testcase> <!-- @BeforeSuite setUp -->
  <testcase name="testGoogle" time="0.001" classname="com.example.tests.SeleniumtestNG1">
    <skipped/>
  </testcase> <!-- testGoogle -->
  <testcase name="testpresentain" time="0.0" classname="com.example.tests.SeleniumtestNG">
    <skipped/>
  </testcase> <!-- testpresentain -->
</testsuite> <!-- classes -->
