<?xml version="1.0" encoding="UTF-8"?>
<!-- Generated by org.testng.reporters.JUnitXMLReporter -->
<testsuite hostname="sandra-LIFEBOOK-AH544" name="packages" tests="2" failures="0" timestamp="27 Sep 2015 08:24:17 GMT" time="0.009" errors="0">
  <testcase name="testGoogle" time="0.001" classname="com.example.tests.SeleniumtestNG1">
    <skipped/>
  </testcase> <!-- testGoogle -->
  <testcase name="testpresentain" time="0.0" classname="com.example.tests.SeleniumtestNG">
    <skipped/>
  </testcase> <!-- testpresentain -->
</testsuite> <!-- packages -->
