<?xml version="1.0" encoding="UTF-8"?>
<testng-results skipped="4" failed="0" total="4" passed="0">
  <reporter-output>
  </reporter-output>
  <suite name="Default suite" duration-ms="71" started-at="2015-09-27T08:24:17Z" finished-at="2015-09-27T08:24:17Z">
    <groups>
      <group name="fast">
        <method signature="SeleniumtestNG.testpresentain()[pri:0, instance:com.example.tests.SeleniumtestNG@4fa6cb2d]" name="testpresentain" class="com.example.tests.SeleniumtestNG"/>
        <method signature="SeleniumtestNG.testpresentain()[pri:0, instance:com.example.tests.SeleniumtestNG@39c08251]" name="testpresentain" class="com.example.tests.SeleniumtestNG"/>
      </group> <!-- fast -->
    </groups>
    <test name="Default test" duration-ms="8" started-at="2015-09-27T08:24:17Z" finished-at="2015-09-27T08:24:17Z">
    </test> <!-- Default test -->
    <test name="packages" duration-ms="9" started-at="2015-09-27T08:24:17Z" finished-at="2015-09-27T08:24:17Z">
      <class name="com.example.tests.SeleniumtestNG1">
        <test-method status="SKIP" signature="testGoogle()[pri:0, instance:com.example.tests.SeleniumtestNG1@7eabdcdd]" name="testGoogle" duration-ms="1" started-at="2015-09-27T11:24:17Z" finished-at="2015-09-27T11:24:17Z">
          <reporter-output>
          </reporter-output>
        </test-method> <!-- testGoogle -->
      </class> <!-- com.example.tests.SeleniumtestNG1 -->
      <class name="com.example.tests.SeleniumtestNG">
        <test-method status="SKIP" signature="testpresentain()[pri:0, instance:com.example.tests.SeleniumtestNG@4fa6cb2d]" name="testpresentain" duration-ms="0" started-at="2015-09-27T11:24:17Z" finished-at="2015-09-27T11:24:17Z">
          <reporter-output>
          </reporter-output>
        </test-method> <!-- testpresentain -->
      </class> <!-- com.example.tests.SeleniumtestNG -->
    </test> <!-- packages -->
    <test name="classes" duration-ms="6" started-at="2015-09-27T08:24:17Z" finished-at="2015-09-27T08:24:17Z">
      <class name="com.example.tests.SeleniumtestNG1">
        <test-method status="SKIP" signature="testGoogle()[pri:0, instance:com.example.tests.SeleniumtestNG1@dabb176]" name="testGoogle" duration-ms="1" started-at="2015-09-27T11:24:17Z" finished-at="2015-09-27T11:24:17Z">
          <reporter-output>
          </reporter-output>
        </test-method> <!-- testGoogle -->
      </class> <!-- com.example.tests.SeleniumtestNG1 -->
      <class name="com.example.tests.SeleniumtestNG">
        <test-method status="FAIL" signature="setUp(java.lang.String)[pri:0, instance:com.example.tests.SeleniumtestNG@39c08251]" name="setUp" is-config="true" duration-ms="0" started-at="2015-09-27T11:24:17Z" finished-at="2015-09-27T11:24:17Z">
          <params>
            <param index="0">
              <value>
                <![CDATA[*firefox]]>
              </value>
            </param>
          </params>
          <exception class="java.lang.RuntimeException">
            <message>
              <![CDATA[Could not contact Selenium Server; have you started it on 'localhost:4444' ?
Read more at http://seleniumhq.org/projects/remote-control/not-started.html
Connection refused]]>
            </message>
            <full-stacktrace>
              <![CDATA[java.lang.RuntimeException: Could not contact Selenium Server; have you started it on 'localhost:4444' ?
Read more at http://seleniumhq.org/projects/remote-control/not-started.html
Connection refused
	at com.thoughtworks.selenium.DefaultSelenium.start(DefaultSelenium.java:107)
	at com.example.tests.SeleniumBase.setUp(SeleniumBase.java:23)
	at sun.reflect.NativeMethodAccessorImpl.invoke0(Native Method)
	at sun.reflect.NativeMethodAccessorImpl.invoke(NativeMethodAccessorImpl.java:57)
	at sun.reflect.DelegatingMethodAccessorImpl.invoke(DelegatingMethodAccessorImpl.java:43)
	at java.lang.reflect.Method.invoke(Method.java:606)
	at org.testng.internal.MethodInvocationHelper.invokeMethod(MethodInvocationHelper.java:84)
	at org.testng.internal.Invoker.invokeConfigurationMethod(Invoker.java:564)
	at org.testng.internal.Invoker.invokeConfigurations(Invoker.java:213)
	at org.testng.internal.Invoker.invokeConfigurations(Invoker.java:138)
	at org.testng.SuiteRunner.privateRun(SuiteRunner.java:277)
	at org.testng.SuiteRunner.run(SuiteRunner.java:240)
	at org.testng.SuiteRunnerWorker.runSuite(SuiteRunnerWorker.java:52)
	at org.testng.SuiteRunnerWorker.run(SuiteRunnerWorker.java:86)
	at org.testng.TestNG.runSuitesSequentially(TestNG.java:1224)
	at org.testng.TestNG.runSuitesLocally(TestNG.java:1149)
	at org.testng.TestNG.run(TestNG.java:1057)
	at org.testng.remote.RemoteTestNG.run(RemoteTestNG.java:111)
	at org.testng.remote.RemoteTestNG.initAndRun(RemoteTestNG.java:204)
	at org.testng.remote.RemoteTestNG.main(RemoteTestNG.java:175)
]]>
            </full-stacktrace>
          </exception> <!-- java.lang.RuntimeException -->
          <reporter-output>
          </reporter-output>
        </test-method> <!-- setUp -->
        <test-method status="SKIP" signature="testpresentain()[pri:0, instance:com.example.tests.SeleniumtestNG@39c08251]" name="testpresentain" duration-ms="0" started-at="2015-09-27T11:24:17Z" finished-at="2015-09-27T11:24:17Z">
          <reporter-output>
          </reporter-output>
        </test-method> <!-- testpresentain -->
        <test-method status="SKIP" signature="tearDown()[pri:0, instance:com.example.tests.SeleniumtestNG@39c08251]" name="tearDown" is-config="true" duration-ms="0" started-at="2015-09-27T11:24:17Z" finished-at="2015-09-27T11:24:17Z">
          <reporter-output>
          </reporter-output>
        </test-method> <!-- tearDown -->
      </class> <!-- com.example.tests.SeleniumtestNG -->
    </test> <!-- classes -->
  </suite> <!-- Default suite -->
</testng-results>
